make all --print-data-base --no-builtin-variables --no-builtin-rules --question
# GNU Make 4.2.1
# Built for x86_64-pc-linux-gnu
# Copyright (C) 1988-2016 Free Software Foundation, Inc.
# License GPLv3+: GNU GPL version 3 or later <http://gnu.org/licenses/gpl.html>
# This is free software: you are free to change and redistribute it.
# There is NO WARRANTY, to the extent permitted by law.

# Make data base, printed on Wed Jun 15 14:15:50 2022

# Variables

# automatic
<D = $(patsubst %/,%,$(dir $<))
# automatic
?F = $(notdir $?)
# environment
DESKTOP_SESSION = ubuntu
# default
.SHELLFLAGS := -c
# environment
XDG_SESSION_CLASS = user
# environment
XDG_SESSION_TYPE = x11
# environment
VSCODE_LOG_NATIVE = false
# automatic
?D = $(patsubst %/,%,$(dir $?))
# automatic
@D = $(patsubst %/,%,$(dir $@))
# environment
XAUTHORITY = /mnt/nfs/homes/loumouli/.Xauthority
# environment
GDMSESSION = ubuntu
# environment
XMODIFIERS = @im=ibus
# makefile
CURDIR := /mnt/nfs/homes/loumouli/Desktop/git repo/so_long
# makefile
SHELL = /bin/sh
# makefile (from 'Makefile', line 11)
RM = rm -f
# environment
VSCODE_NLS_CONFIG = {"locale":"en-us","availableLanguages":{},"_languagePackSupport":true}
# environment
_ = /usr/share/code/code
# makefile (from 'Makefile', line 5)
CFLAGS = -Wall -Werror -Wextra -g
# environment
JOURNAL_STREAM = 9:1947092
# environment
XDG_CONFIG_DIRS = /etc/xdg/xdg-ubuntu:/etc/xdg
# makefile (from 'Makefile', line 1)
MAKEFILE_LIST :=  Makefile
# automatic
@F = $(notdir $@)
# environment
GIO_LAUNCHED_DESKTOP_FILE = /usr/share/applications/code.desktop
# 'override' directive
GNUMAKEFLAGS := 
# environment
MANDATORY_PATH = /usr/share/gconf/ubuntu.mandatory.path
# environment
XDG_DATA_DIRS = /usr/share/gnome:/usr/share/ubuntu:/mnt/nfs/homes/loumouli/.local/share/flatpak/exports/share:/var/lib/flatpak/exports/share:/usr/local/share:/usr/share:/var/lib/snapd/desktop
# environment
DBUS_SESSION_BUS_ADDRESS = unix:path=/run/user/101853/bus
# environment
VSCODE_VERBOSE_LOGGING = true
# makefile (from 'Makefile', line 3)
OBJS = ${SRCS:.c=.o}
# environment
MANAGERPID = 513041
# environment
VSCODE_IPC_HOOK_EXTHOST = /run/user/101853/vscode-ipc-b92a85b7-cef2-454c-8b6a-6d77d02658ef.sock
# environment
VSCODE_CWD = /mnt/nfs/homes/loumouli
# environment
XDG_SESSION_PATH = /org/freedesktop/DisplayManager/Session4
# environment
KRB5CCNAME = FILE:/tmp/krb5cc_101853_rYl7nz
# default
MAKE_HOST := x86_64-pc-linux-gnu
# environment
PATH = /mnt/nfs/homes/loumouli/bin:/usr/local/sbin:/usr/local/bin:/usr/sbin:/usr/bin:/sbin:/bin:/usr/games:/usr/local/games:/snap/bin
# environment
GPG_AGENT_INFO = /run/user/101853/gnupg/S.gpg-agent:0:1
# environment
LSCOLORS = Gxfxcxdxbxegedabagacad
# environment
SESSION_MANAGER = local/e2r3p3.clusters.42paris.fr:@/tmp/.ICE-unix/513495,unix/e2r3p3.clusters.42paris.fr:/tmp/.ICE-unix/513495
# environment
XDG_RUNTIME_DIR = /run/user/101853
# environment
XDG_MENU_PREFIX = gnome-
# environment
VSCODE_LOG_STACK = false
# environment
ELECTRON_RUN_AS_NODE = 1
# environment
INVOCATION_ID = 6b7be84cf3834acb967ee9cd5800f6d8
# default
.FEATURES := target-specific order-only second-expansion else-if shortest-stem undefine oneshell archives jobserver output-sync check-symlink load
# environment
XDG_GREETER_DATA_DIR = /var/lib/lightdm-data/loumouli
# environment
LS_COLORS = 
# environment
XDG_SESSION_DESKTOP = ubuntu
# environment
SSH_AUTH_SOCK = /run/user/101853/keyring/ssh
# environment
GIO_LAUNCHED_DESKTOP_FILE_PID = 515315
# automatic
%F = $(notdir $%)
# environment
DISPLAY = :0
# environment
VSCODE_PIPE_LOGGING = true
# environment
PWD = /mnt/nfs/homes/loumouli/Desktop/git repo/so_long
# default
.LOADED := 
# environment
SSH_AGENT_PID = 513459
# environment
ORIGINAL_XDG_CURRENT_DESKTOP = ubuntu:GNOME
# environment
GTK_MODULES = gail:atk-bridge
# environment
VSCODE_AMD_ENTRYPOINT = vs/workbench/api/node/extensionHostProcess
# environment
HOME = /mnt/nfs/homes/loumouli
# environment
VSCODE_CODE_CACHE_PATH = /mnt/nfs/homes/loumouli/.config/Code/CachedData/c3511e6c69bb39013c4a4b7b9566ec1ca73fc4d5
# environment
LOGNAME = loumouli
# environment
APPLICATION_INSIGHTS_NO_DIAGNOSTIC_CHANNEL = 1
# environment
ZSH = /mnt/nfs/homes/loumouli/.oh-my-zsh
# environment
VSCODE_HANDLES_UNCAUGHT_ERRORS = true
# environment
GNOME_DESKTOP_SESSION_ID = this-is-deprecated
# automatic
^D = $(patsubst %/,%,$(dir $^))
# environment
MAKELEVEL := 0
# default
MAKE = $(MAKE_COMMAND)
# default
MAKECMDGOALS := all
# environment
QT_IM_MODULE = ibus
# makefile (from 'Makefile', line 1)
SRCS = ./srcs/main.c ./srcs/hook.c ./srcs/graphic.c ./srcs/setup_map.c
# environment
SHLVL = 0
# makefile (from 'Makefile', line 7)
CC = gcc
# environment
IM_CONFIG_PHASE = 1
# default
MAKE_VERSION := 4.2.1
# environment
USER = loumouli
# makefile
.DEFAULT_GOAL := a.out
# environment
XDG_CURRENT_DESKTOP = Unity
# environment
LIBVIRT_DEFAULT_URI = qemu:///system
# environment
LESS = -R
# automatic
%D = $(patsubst %/,%,$(dir $%))
# default
MAKE_COMMAND := make
# environment
OLDPWD = /mnt/nfs/homes/loumouli
# default
.VARIABLES := 
# automatic
*F = $(notdir $*)
# environment
XDG_SEAT_PATH = /org/freedesktop/DisplayManager/Seat0
# environment
VSCODE_IPC_HOOK = /run/user/101853/vscode-73b29b43-1.67.2-main.sock
# makefile
MAKEFLAGS = pqrR
# environment
MFLAGS = -pqrR
# automatic
*D = $(patsubst %/,%,$(dir $*))
# automatic
+D = $(patsubst %/,%,$(dir $+))
# environment
GDK_BACKEND = x11
# automatic
+F = $(notdir $+)
# environment
QT_ACCESSIBILITY = 1
# environment
DEFAULTS_PATH = /usr/share/gconf/ubuntu.default.path
# default
MAKEFILES := 
# automatic
<F = $(notdir $<)
# environment
PAGER = less
# environment
LC_ALL = C
# environment
GJS_DEBUG_TOPICS = JS ERROR;JS LOG
# automatic
^F = $(notdir $^)
# default
SUFFIXES := 
# environment
CHROME_DESKTOP = code-url-handler.desktop
# default
.INCLUDE_DIRS = /usr/include /usr/local/include /usr/include
# environment
GJS_DEBUG_OUTPUT = stderr
# makefile (from 'Makefile', line 9)
NAME = a.out
# default
.RECIPEPREFIX := 
# environment
LANG = C
# environment
DOCKER_HOST = unix:///run/user/101853/docker.sock
# environment
VSCODE_PID = 515315
# variable set hash-table stats:
# Load=111/1024=11%, Rehash=0, Collisions=17/145=12%

# Pattern-specific Variable Values

# No pattern-specific variable values.

# Directories

# . (device 60, inode 5710921): 9 files, no impossibilities.
# srcs (device 60, inode 35366609): 3 files, no impossibilities so far.

# 12 files, no impossibilities in 2 directories.

# Implicit Rules

%.o: %.c
#  recipe to execute (from 'Makefile', line 14):
 
	@$(CC) -Wall -Wextra -Werror -I . -O3 -c $< -o $@
	@printf "%s\e[0;32m Converting C files to object files\n\e[0m" "-"

# 1 implicit rules, 0 (0.0%) terminal.

# Files

all: a.out
#  Phony target (prerequisite of .PHONY).
#  Command line target.
#  Implicit rule search has not been done.
#  File does not exist.
#  File has been updated.
#  Needs to be updated (-q is set).
# variable set hash-table stats:
# Load=0/32=0%, Rehash=0, Collisions=0/4=0%

.PHONY: all clean fclean re
#  Implicit rule search has not been done.
#  Modification time never checked.
#  File has not been updated.

# Not a target:
Makefile:
#  Implicit rule search has been done.
#  Last modified 2022-06-15 14:15:40.140711309
#  File has been updated.
#  Successfully updated.

# Not a target:
srcs/main.c:
#  Implicit rule search has been done.
#  Last modified 2022-06-15 14:13:50.916728647
#  File has been updated.
#  Successfully updated.

a.out: srcs/main.o srcs/hook.o srcs/graphic.o srcs/setup_map.o
#  Implicit rule search has not been done.
#  File does not exist.
#  File has been updated.
#  Needs to be updated (-q is set).
# variable set hash-table stats:
# Load=0/32=0%, Rehash=0, Collisions=0/4=0%
#  recipe to execute (from 'Makefile', line 18):
		@${CC} ${CFLAGS} ${SRCS} ./lib/mlx_linux/libmlx.a ./lib/libft/libft.a ./lib/ft_printf/libftprintf.a -lX11 -lXext
		@printf "%s\e[0;32m Compiling object file into executable\n\e[0m" "-"

fclean: clean
#  Phony target (prerequisite of .PHONY).
#  Implicit rule search has not been done.
#  File does not exist.
#  File has not been updated.
#  recipe to execute (from 'Makefile', line 29):
		@${RM} ${NAME}
		@printf "%s\e[0;31m Delete executable\n\e[0m" "-"

# Not a target:
.DEFAULT:
#  Implicit rule search has not been done.
#  Modification time never checked.
#  File has not been updated.

# Not a target:
srcs/graphic.o:
#  Implicit rule search has not been done.
#  Modification time never checked.
#  File has not been updated.

re: fclean a.out
#  Phony target (prerequisite of .PHONY).
#  Implicit rule search has not been done.
#  File does not exist.
#  File has not been updated.

clean:
#  Phony target (prerequisite of .PHONY).
#  Implicit rule search has not been done.
#  File does not exist.
#  File has not been updated.
#  recipe to execute (from 'Makefile', line 24):
		@${RM} ${OBJS}
		@printf "%s \e[0;31mDelete all object files\n\e[0m" "-"

# Not a target:
srcs/setup_map.o:
#  Implicit rule search has not been done.
#  Modification time never checked.
#  File has not been updated.

srcs/main.o: srcs/main.c
#  Implicit rule search has been done.
#  Implicit/static pattern stem: 'srcs/main'
#  File does not exist.
#  File has been updated.
#  Needs to be updated (-q is set).
# automatic
# @ := srcs/main.o
# automatic
# % := 
# automatic
# * := srcs/main
# automatic
# + := srcs/main.c
# automatic
# | := 
# automatic
# < := srcs/main.c
# automatic
# ^ := srcs/main.c
# automatic
# ? := srcs/main.c
# variable set hash-table stats:
# Load=8/32=25%, Rehash=0, Collisions=1/14=7%
#  recipe to execute (from 'Makefile', line 14):
	@$(CC) -Wall -Wextra -Werror -I . -O3 -c $< -o $@
	@printf "%s\e[0;32m Converting C files to object files\n\e[0m" "-"

# Not a target:
srcs/hook.o:
#  Implicit rule search has not been done.
#  Modification time never checked.
#  File has not been updated.

# files hash-table stats:
# Load=14/1024=1%, Rehash=0, Collisions=0/40=0%
# VPATH Search Paths

# No 'vpath' search paths.

# No general ('VPATH' variable) search path.

# strcache buffers: 1 (0) / strings = 28 / storage = 227 B / avg = 8 B
# current buf: size = 8162 B / used = 227 B / count = 28 / avg = 8 B

# strcache performance: lookups = 51 / hit rate = 45%
# hash-table stats:
# Load=28/8192=0%, Rehash=0, Collisions=2/51=4%
# Finished Make data base on Wed Jun 15 14:15:50 2022

 
